2018-02-26 02:26:56,596 [Worker-4] INFO  c.g.t.t.d.PublishedGradleVersions - Gradle version information cache is up-to-date. Trying to read.
2018-02-26 02:38:33,706 [Worker-11] INFO  c.g.t.t.d.PublishedGradleVersions - Gradle version information cache is up-to-date. Trying to read.
2018-02-26 02:46:05,661 [main] ERROR org.eclipse.jgit.util.FS - Caught exception in FS.readPipe()
java.io.IOException: Cannot run program "git" (in directory "\usr\bin"): CreateProcess error=2, The system cannot find the file specified
	at java.lang.ProcessBuilder.start(Unknown Source) ~[na:1.8.0_121]
	at org.eclipse.jgit.util.FS.readPipe(FS.java:491) [org.eclipse.jgit_4.4.1.201607150455-r.jar:4.4.1.201607150455-r]
	at org.eclipse.jgit.util.FS.readPipe(FS.java:459) [org.eclipse.jgit_4.4.1.201607150455-r.jar:4.4.1.201607150455-r]
	at org.eclipse.jgit.util.FS.discoverGitSystemConfig(FS.java:592) [org.eclipse.jgit_4.4.1.201607150455-r.jar:4.4.1.201607150455-r]
	at org.eclipse.jgit.util.FS.getGitSystemConfig(FS.java:621) [org.eclipse.jgit_4.4.1.201607150455-r.jar:4.4.1.201607150455-r]
	at org.eclipse.jgit.util.SystemReader$Default.openSystemConfig(SystemReader.java:97) [org.eclipse.jgit_4.4.1.201607150455-r.jar:4.4.1.201607150455-r]
	at org.eclipse.jgit.internal.storage.file.FileRepository.<init>(FileRepository.java:176) [org.eclipse.jgit_4.4.1.201607150455-r.jar:4.4.1.201607150455-r]
	at org.eclipse.jgit.lib.BaseRepositoryBuilder.build(BaseRepositoryBuilder.java:580) [org.eclipse.jgit_4.4.1.201607150455-r.jar:4.4.1.201607150455-r]
	at org.eclipse.egit.ui.internal.sharing.ExistingOrNewPage.fillTreeItemWithGitDirectory(ExistingOrNewPage.java:535) [org.eclipse.egit.ui_4.4.1.201607150455-r.jar:na]
	at org.eclipse.egit.ui.internal.sharing.ExistingOrNewPage.createControl(ExistingOrNewPage.java:347) [org.eclipse.egit.ui_4.4.1.201607150455-r.jar:na]
	at org.eclipse.jface.wizard.Wizard.createPageControls(Wizard.java:175) [org.eclipse.jface_3.12.1.v20160923-1528.jar:na]
	at org.eclipse.jface.wizard.WizardDialog.createPageControls(WizardDialog.java:696) [org.eclipse.jface_3.12.1.v20160923-1528.jar:na]
	at org.eclipse.jface.wizard.WizardDialog.createContents(WizardDialog.java:588) [org.eclipse.jface_3.12.1.v20160923-1528.jar:na]
	at org.eclipse.jface.window.Window.create(Window.java:426) [org.eclipse.jface_3.12.1.v20160923-1528.jar:na]
	at org.eclipse.jface.dialogs.Dialog.create(Dialog.java:1095) [org.eclipse.jface_3.12.1.v20160923-1528.jar:na]
	at org.eclipse.jface.window.Window.open(Window.java:783) [org.eclipse.jface_3.12.1.v20160923-1528.jar:na]
	at org.eclipse.team.internal.ui.wizards.ConfigureProjectWizard.openWizard(ConfigureProjectWizard.java:227) [org.eclipse.team.ui_3.8.0.v20160518-1906.jar:na]
	at org.eclipse.team.internal.ui.wizards.ConfigureProjectWizard.shareProjects(ConfigureProjectWizard.java:127) [org.eclipse.team.ui_3.8.0.v20160518-1906.jar:na]
	at org.eclipse.team.internal.ui.actions.ConfigureProjectAction$1.run(ConfigureProjectAction.java:41) [org.eclipse.team.ui_3.8.0.v20160518-1906.jar:na]
	at org.eclipse.team.internal.ui.actions.TeamAction$3.run(TeamAction.java:276) [org.eclipse.team.ui_3.8.0.v20160518-1906.jar:na]
	at org.eclipse.swt.custom.BusyIndicator.showWhile(BusyIndicator.java:70) [org.eclipse.swt.win32.win32.x86_64_3.105.2.v20161122-0613.jar:na]
	at org.eclipse.team.internal.ui.actions.TeamAction.run(TeamAction.java:272) [org.eclipse.team.ui_3.8.0.v20160518-1906.jar:na]
	at org.eclipse.team.internal.ui.actions.ConfigureProjectAction.execute(ConfigureProjectAction.java:34) [org.eclipse.team.ui_3.8.0.v20160518-1906.jar:na]
	at org.eclipse.team.internal.ui.actions.TeamAction.run(TeamAction.java:532) [org.eclipse.team.ui_3.8.0.v20160518-1906.jar:na]
	at org.eclipse.team.internal.ui.actions.TeamAction.runWithEvent(TeamAction.java:568) [org.eclipse.team.ui_3.8.0.v20160518-1906.jar:na]
	at org.eclipse.ui.internal.PluginAction.runWithEvent(PluginAction.java:237) [org.eclipse.ui.workbench_3.108.2.v20161025-2029.jar:na]
	at org.eclipse.jface.action.ActionContributionItem.handleWidgetSelection(ActionContributionItem.java:565) [org.eclipse.jface_3.12.1.v20160923-1528.jar:na]
	at org.eclipse.jface.action.ActionContributionItem.lambda$4(ActionContributionItem.java:397) [org.eclipse.jface_3.12.1.v20160923-1528.jar:na]
	at org.eclipse.swt.widgets.EventTable.sendEvent(EventTable.java:84) ~[org.eclipse.swt.win32.win32.x86_64_3.105.2.v20161122-0613.jar:na]
	at org.eclipse.swt.widgets.Display.sendEvent(Display.java:4418) ~[org.eclipse.swt.win32.win32.x86_64_3.105.2.v20161122-0613.jar:na]
	at org.eclipse.swt.widgets.Widget.sendEvent(Widget.java:1079) ~[org.eclipse.swt.win32.win32.x86_64_3.105.2.v20161122-0613.jar:na]
	at org.eclipse.swt.widgets.Display.runDeferredEvents(Display.java:4236) ~[org.eclipse.swt.win32.win32.x86_64_3.105.2.v20161122-0613.jar:na]
	at org.eclipse.swt.widgets.Display.readAndDispatch(Display.java:3824) ~[org.eclipse.swt.win32.win32.x86_64_3.105.2.v20161122-0613.jar:na]
	at org.eclipse.e4.ui.internal.workbench.swt.PartRenderingEngine$4.run(PartRenderingEngine.java:1121) ~[na:na]
	at org.eclipse.core.databinding.observable.Realm.runWithDefault(Realm.java:336) ~[na:na]
	at org.eclipse.e4.ui.internal.workbench.swt.PartRenderingEngine.run(PartRenderingEngine.java:1022) ~[na:na]
	at org.eclipse.e4.ui.internal.workbench.E4Workbench.createAndRunUI(E4Workbench.java:150) ~[na:na]
	at org.eclipse.ui.internal.Workbench$5.run(Workbench.java:693) ~[na:na]
	at org.eclipse.core.databinding.observable.Realm.runWithDefault(Realm.java:336) ~[na:na]
	at org.eclipse.ui.internal.Workbench.createAndRunWorkbench(Workbench.java:610) ~[na:na]
	at org.eclipse.ui.PlatformUI.createAndRunWorkbench(PlatformUI.java:148) ~[na:na]
	at org.eclipse.ui.internal.ide.application.IDEApplication.start(IDEApplication.java:138) ~[na:na]
	at org.eclipse.equinox.internal.app.EclipseAppHandle.run(EclipseAppHandle.java:196) ~[org.eclipse.equinox.app_1.3.400.v20150715-1528.jar:na]
	at org.eclipse.core.runtime.internal.adaptor.EclipseAppLauncher.runApplication(EclipseAppLauncher.java:134) ~[org.eclipse.osgi_3.11.2.v20161107-1947.jar:na]
	at org.eclipse.core.runtime.internal.adaptor.EclipseAppLauncher.start(EclipseAppLauncher.java:104) ~[org.eclipse.osgi_3.11.2.v20161107-1947.jar:na]
	at org.eclipse.core.runtime.adaptor.EclipseStarter.run(EclipseStarter.java:388) ~[org.eclipse.osgi_3.11.2.v20161107-1947.jar:na]
	at org.eclipse.core.runtime.adaptor.EclipseStarter.run(EclipseStarter.java:243) ~[org.eclipse.osgi_3.11.2.v20161107-1947.jar:na]
	at sun.reflect.NativeMethodAccessorImpl.invoke0(Native Method) ~[na:1.8.0_121]
	at sun.reflect.NativeMethodAccessorImpl.invoke(Unknown Source) ~[na:1.8.0_121]
	at sun.reflect.DelegatingMethodAccessorImpl.invoke(Unknown Source) ~[na:1.8.0_121]
	at java.lang.reflect.Method.invoke(Unknown Source) ~[na:1.8.0_121]
	at org.eclipse.equinox.launcher.Main.invokeFramework(Main.java:673) ~[org.eclipse.equinox.launcher_1.3.201.v20161025-1711.jar:na]
	at org.eclipse.equinox.launcher.Main.basicRun(Main.java:610) ~[org.eclipse.equinox.launcher_1.3.201.v20161025-1711.jar:na]
	at org.eclipse.equinox.launcher.Main.run(Main.java:1519) ~[org.eclipse.equinox.launcher_1.3.201.v20161025-1711.jar:na]
Caused by: java.io.IOException: CreateProcess error=2, The system cannot find the file specified
	at java.lang.ProcessImpl.create(Native Method) ~[na:1.8.0_121]
	at java.lang.ProcessImpl.<init>(Unknown Source) ~[na:1.8.0_121]
	at java.lang.ProcessImpl.start(Unknown Source) ~[na:1.8.0_121]
	... 54 common frames omitted
2018-02-26 02:46:05,676 [main] ERROR org.eclipse.jgit.util.FS - Caught exception in FS.readPipe()
java.io.IOException: Cannot run program "git" (in directory "\usr\bin"): CreateProcess error=2, The system cannot find the file specified
	at java.lang.ProcessBuilder.start(Unknown Source) ~[na:1.8.0_121]
	at org.eclipse.jgit.util.FS.readPipe(FS.java:491) [org.eclipse.jgit_4.4.1.201607150455-r.jar:4.4.1.201607150455-r]
	at org.eclipse.jgit.util.FS.discoverGitSystemConfig(FS.java:604) [org.eclipse.jgit_4.4.1.201607150455-r.jar:4.4.1.201607150455-r]
	at org.eclipse.jgit.util.FS.getGitSystemConfig(FS.java:621) [org.eclipse.jgit_4.4.1.201607150455-r.jar:4.4.1.201607150455-r]
	at org.eclipse.jgit.util.SystemReader$Default.openSystemConfig(SystemReader.java:97) [org.eclipse.jgit_4.4.1.201607150455-r.jar:4.4.1.201607150455-r]
	at org.eclipse.jgit.internal.storage.file.FileRepository.<init>(FileRepository.java:176) [org.eclipse.jgit_4.4.1.201607150455-r.jar:4.4.1.201607150455-r]
	at org.eclipse.jgit.lib.BaseRepositoryBuilder.build(BaseRepositoryBuilder.java:580) [org.eclipse.jgit_4.4.1.201607150455-r.jar:4.4.1.201607150455-r]
	at org.eclipse.egit.ui.internal.sharing.ExistingOrNewPage.fillTreeItemWithGitDirectory(ExistingOrNewPage.java:535) [org.eclipse.egit.ui_4.4.1.201607150455-r.jar:na]
	at org.eclipse.egit.ui.internal.sharing.ExistingOrNewPage.createControl(ExistingOrNewPage.java:347) [org.eclipse.egit.ui_4.4.1.201607150455-r.jar:na]
	at org.eclipse.jface.wizard.Wizard.createPageControls(Wizard.java:175) [org.eclipse.jface_3.12.1.v20160923-1528.jar:na]
	at org.eclipse.jface.wizard.WizardDialog.createPageControls(WizardDialog.java:696) [org.eclipse.jface_3.12.1.v20160923-1528.jar:na]
	at org.eclipse.jface.wizard.WizardDialog.createContents(WizardDialog.java:588) [org.eclipse.jface_3.12.1.v20160923-1528.jar:na]
	at org.eclipse.jface.window.Window.create(Window.java:426) [org.eclipse.jface_3.12.1.v20160923-1528.jar:na]
	at org.eclipse.jface.dialogs.Dialog.create(Dialog.java:1095) [org.eclipse.jface_3.12.1.v20160923-1528.jar:na]
	at org.eclipse.jface.window.Window.open(Window.java:783) [org.eclipse.jface_3.12.1.v20160923-1528.jar:na]
	at org.eclipse.team.internal.ui.wizards.ConfigureProjectWizard.openWizard(ConfigureProjectWizard.java:227) [org.eclipse.team.ui_3.8.0.v20160518-1906.jar:na]
	at org.eclipse.team.internal.ui.wizards.ConfigureProjectWizard.shareProjects(ConfigureProjectWizard.java:127) [org.eclipse.team.ui_3.8.0.v20160518-1906.jar:na]
	at org.eclipse.team.internal.ui.actions.ConfigureProjectAction$1.run(ConfigureProjectAction.java:41) [org.eclipse.team.ui_3.8.0.v20160518-1906.jar:na]
	at org.eclipse.team.internal.ui.actions.TeamAction$3.run(TeamAction.java:276) [org.eclipse.team.ui_3.8.0.v20160518-1906.jar:na]
	at org.eclipse.swt.custom.BusyIndicator.showWhile(BusyIndicator.java:70) [org.eclipse.swt.win32.win32.x86_64_3.105.2.v20161122-0613.jar:na]
	at org.eclipse.team.internal.ui.actions.TeamAction.run(TeamAction.java:272) [org.eclipse.team.ui_3.8.0.v20160518-1906.jar:na]
	at org.eclipse.team.internal.ui.actions.ConfigureProjectAction.execute(ConfigureProjectAction.java:34) [org.eclipse.team.ui_3.8.0.v20160518-1906.jar:na]
	at org.eclipse.team.internal.ui.actions.TeamAction.run(TeamAction.java:532) [org.eclipse.team.ui_3.8.0.v20160518-1906.jar:na]
	at org.eclipse.team.internal.ui.actions.TeamAction.runWithEvent(TeamAction.java:568) [org.eclipse.team.ui_3.8.0.v20160518-1906.jar:na]
	at org.eclipse.ui.internal.PluginAction.runWithEvent(PluginAction.java:237) [org.eclipse.ui.workbench_3.108.2.v20161025-2029.jar:na]
	at org.eclipse.jface.action.ActionContributionItem.handleWidgetSelection(ActionContributionItem.java:565) [org.eclipse.jface_3.12.1.v20160923-1528.jar:na]
	at org.eclipse.jface.action.ActionContributionItem.lambda$4(ActionContributionItem.java:397) [org.eclipse.jface_3.12.1.v20160923-1528.jar:na]
	at org.eclipse.swt.widgets.EventTable.sendEvent(EventTable.java:84) ~[org.eclipse.swt.win32.win32.x86_64_3.105.2.v20161122-0613.jar:na]
	at org.eclipse.swt.widgets.Display.sendEvent(Display.java:4418) ~[org.eclipse.swt.win32.win32.x86_64_3.105.2.v20161122-0613.jar:na]
	at org.eclipse.swt.widgets.Widget.sendEvent(Widget.java:1079) ~[org.eclipse.swt.win32.win32.x86_64_3.105.2.v20161122-0613.jar:na]
	at org.eclipse.swt.widgets.Display.runDeferredEvents(Display.java:4236) ~[org.eclipse.swt.win32.win32.x86_64_3.105.2.v20161122-0613.jar:na]
	at org.eclipse.swt.widgets.Display.readAndDispatch(Display.java:3824) ~[org.eclipse.swt.win32.win32.x86_64_3.105.2.v20161122-0613.jar:na]
	at org.eclipse.e4.ui.internal.workbench.swt.PartRenderingEngine$4.run(PartRenderingEngine.java:1121) ~[na:na]
	at org.eclipse.core.databinding.observable.Realm.runWithDefault(Realm.java:336) ~[na:na]
	at org.eclipse.e4.ui.internal.workbench.swt.PartRenderingEngine.run(PartRenderingEngine.java:1022) ~[na:na]
	at org.eclipse.e4.ui.internal.workbench.E4Workbench.createAndRunUI(E4Workbench.java:150) ~[na:na]
	at org.eclipse.ui.internal.Workbench$5.run(Workbench.java:693) ~[na:na]
	at org.eclipse.core.databinding.observable.Realm.runWithDefault(Realm.java:336) ~[na:na]
	at org.eclipse.ui.internal.Workbench.createAndRunWorkbench(Workbench.java:610) ~[na:na]
	at org.eclipse.ui.PlatformUI.createAndRunWorkbench(PlatformUI.java:148) ~[na:na]
	at org.eclipse.ui.internal.ide.application.IDEApplication.start(IDEApplication.java:138) ~[na:na]
	at org.eclipse.equinox.internal.app.EclipseAppHandle.run(EclipseAppHandle.java:196) ~[org.eclipse.equinox.app_1.3.400.v20150715-1528.jar:na]
	at org.eclipse.core.runtime.internal.adaptor.EclipseAppLauncher.runApplication(EclipseAppLauncher.java:134) ~[org.eclipse.osgi_3.11.2.v20161107-1947.jar:na]
	at org.eclipse.core.runtime.internal.adaptor.EclipseAppLauncher.start(EclipseAppLauncher.java:104) ~[org.eclipse.osgi_3.11.2.v20161107-1947.jar:na]
	at org.eclipse.core.runtime.adaptor.EclipseStarter.run(EclipseStarter.java:388) ~[org.eclipse.osgi_3.11.2.v20161107-1947.jar:na]
	at org.eclipse.core.runtime.adaptor.EclipseStarter.run(EclipseStarter.java:243) ~[org.eclipse.osgi_3.11.2.v20161107-1947.jar:na]
	at sun.reflect.NativeMethodAccessorImpl.invoke0(Native Method) ~[na:1.8.0_121]
	at sun.reflect.NativeMethodAccessorImpl.invoke(Unknown Source) ~[na:1.8.0_121]
	at sun.reflect.DelegatingMethodAccessorImpl.invoke(Unknown Source) ~[na:1.8.0_121]
	at java.lang.reflect.Method.invoke(Unknown Source) ~[na:1.8.0_121]
	at org.eclipse.equinox.launcher.Main.invokeFramework(Main.java:673) ~[org.eclipse.equinox.launcher_1.3.201.v20161025-1711.jar:na]
	at org.eclipse.equinox.launcher.Main.basicRun(Main.java:610) ~[org.eclipse.equinox.launcher_1.3.201.v20161025-1711.jar:na]
	at org.eclipse.equinox.launcher.Main.run(Main.java:1519) ~[org.eclipse.equinox.launcher_1.3.201.v20161025-1711.jar:na]
Caused by: java.io.IOException: CreateProcess error=2, The system cannot find the file specified
	at java.lang.ProcessImpl.create(Native Method) ~[na:1.8.0_121]
	at java.lang.ProcessImpl.<init>(Unknown Source) ~[na:1.8.0_121]
	at java.lang.ProcessImpl.start(Unknown Source) ~[na:1.8.0_121]
	... 53 common frames omitted
2018-02-26 02:49:04,293 [Worker-7] INFO  c.g.t.t.d.PublishedGradleVersions - Gradle version information cache is up-to-date. Trying to read.
